     1                                  bits 32
     2                                  global  start 
     3                                  
     4                                  extern  exit
     5                                  import  exit msvcrt.dll
     6                                          
     7                                  segment  data use32 class=data 
     8 00000000 0A                          a db 10
     9 00000001 0F                          b db 15
    10 00000002 07                          c db 7
    11 00000003 0C00                        d dw 12
    12                                      
    13                                  segment  code use32 class=code 
    14                                  start: 
    15 00000000 B800000000              	mov eax,0
    16 00000005 BA00000000              	mov edx,0
    17 0000000A A0[01000000]                mov al,[b]
    18 0000000F 2A05[00000000]              sub al,[a]
    19 00000015 0402                        add al,2
    20 00000017 B414                        mov ah,20
    21 00000019 F6E4                        mul ah
    22 0000001B 89C2                        mov edx,eax
    23 0000001D 8A25[02000000]              mov ah,[c]
    24 00000023 B00A                        mov al,10
    25 00000025 F6E4                        mul ah
    26 00000027 6629C2                      sub dx,ax
    27 0000002A 89C2                        mov edx,eax
    28 0000002C B403                        mov ah,3
    29 0000002E F6E4                        mul ah
    30 00000030 89C2                        mov edx,eax
    31 00000032 A0[03000000]                mov al,[d]
    32 00000037 2C03                        sub al,3
    33 00000039 B402                        mov ah,2
    34 0000003B F6E4                        mul ah
    35 0000003D 6601D0                      add ax,dx
    36                                      
    37                                      
    38                                  	
    39 00000040 6A00                    	push   dword 0 
    40 00000042 FF15[00000000]          	call   [exit] 
    41                                      
